<?xml version="1.0" encoding="UTF-8"?>
<testng-results skipped="0" failed="0" total="1" passed="1">
  <reporter-output>
  </reporter-output>
  <suite name="Default suite" duration-ms="11788" started-at="2018-09-18T01:24:27Z" finished-at="2018-09-18T01:24:39Z">
    <groups>
    </groups>
    <test name="Default test" duration-ms="11788" started-at="2018-09-18T01:24:27Z" finished-at="2018-09-18T01:24:39Z">
      <class name="com.airtel.appiumDemo.scenarios.AppiumTest">
        <test-method status="PASS" signature="setupBeforeClass()" name="setupBeforeClass" is-config="true" duration-ms="12" started-at="2018-09-18T01:24:27Z" finished-at="2018-09-18T01:24:27Z">
        </test-method>
        <test-method status="PASS" signature="launchPlayStoreTest()" name="launchPlayStoreTest" duration-ms="11759" started-at="2018-09-18T01:24:27Z" finished-at="2018-09-18T01:24:39Z">
        </test-method>
      </class>
    </test>
  </suite>
</testng-results>
